2013-02-07 19:03:59,663 DEBUG [com.sapienter.jbilling.common.SystemProperties] System properties loaded from: C:\Users\paulsmsm\.grails\1.3.4\projects\jbilling3\resources\jbilling.properties
2013-02-07 19:03:59,665 DEBUG [com.sapienter.jbilling.common.SystemProperties] Resolved jbilling resources directory to: C:\grails\jbilling3\resources\
2013-02-07 19:04:06,226 DEBUG [com.sapienter.jbilling.server.util.db.JbillingTableDAS] Looking for table + pluggable_task_type_category
2013-02-07 19:04:06,307 DEBUG [com.sapienter.jbilling.server.pluggableTask.admin.PluggableTaskManager] total classes = 2
2013-02-07 19:04:06,307 DEBUG [com.sapienter.jbilling.server.util.Bootstrap] Processing 2 scheduled tasks for entity 10
2013-02-07 19:04:06,307 DEBUG [com.sapienter.jbilling.server.pluggableTask.admin.PluggableTaskManager] Applying task com.sapienter.jbilling.server.billing.task.BillingProcessTask
2013-02-07 19:04:06,313 DEBUG [com.sapienter.jbilling.server.pluggableTask.admin.PluggableTaskManager] Creating a new instance of com.sapienter.jbilling.server.billing.task.BillingProcessTask
2013-02-07 19:04:06,434 DEBUG [com.sapienter.jbilling.server.billing.task.BillingProcessTask] Scheduling billing process from jbilling.properties ...
2013-02-07 19:04:06,434 DEBUG [com.sapienter.jbilling.server.util.Bootstrap] Scheduled: [billing process: start: , end: null, repeat: infinite, interval: 720 mins]
2013-02-07 19:04:06,434 DEBUG [com.sapienter.jbilling.server.pluggableTask.admin.PluggableTaskManager] Applying task com.sapienter.jbilling.server.process.task.AgeingProcessTask
2013-02-07 19:04:06,435 DEBUG [com.sapienter.jbilling.server.pluggableTask.admin.PluggableTaskManager] Creating a new instance of com.sapienter.jbilling.server.process.task.AgeingProcessTask
2013-02-07 19:04:06,436 DEBUG [com.sapienter.jbilling.server.process.task.AgeingProcessTask] Scheduling ageing process from jbilling.properties ...
2013-02-07 19:04:06,436 DEBUG [com.sapienter.jbilling.server.util.Bootstrap] Scheduled: [ageing process: entity 10, start: , end: null, repeat: infinite, interval: 720 mins]
2013-02-07 19:04:06,436 DEBUG [com.sapienter.jbilling.server.util.Bootstrap] Starting the job scheduler
2013-02-07 19:04:25,451 DEBUG [com.sapienter.jbilling.client.authentication.CompanyUserAuthenticationFilter] Request is to process authentication
2013-02-07 19:04:25,634 DEBUG [com.sapienter.jbilling.server.user.UserBL] Reading permisions for user 10
2013-02-07 19:04:25,788 DEBUG [com.sapienter.jbilling.server.util.db.JbillingTableDAS] Looking for table + role
2013-02-07 19:04:25,916 DEBUG [com.sapienter.jbilling.client.authentication.util.SecuritySession] Setting locale for Spring contexts: en_NO
2013-02-07 19:04:25,916 DEBUG [com.sapienter.jbilling.client.authentication.CompanyUserAuthenticationFilter] Authentication success. Updating SecurityContextHolder to contain: org.springframework.security.authentication.UsernamePasswordAuthenticationToken@4d7e5300: Principal: CompanyUserDetails{id=10, username='paulsmsm;10', mainRoleId=2, companyId=10, currencyId=3, languageId=1, enabled=true, accountExpired=false, credentialsExpired=false, accountLocked=false}; Credentials: [PROTECTED]; Authenticated: true; Details: org.springframework.security.web.authentication.WebAuthenticationDetails@fffd3270: RemoteIpAddress: 0:0:0:0:0:0:0:1; SessionId: 305366D57B09F855E1DD82BCE342E332; Granted Authorities: API_120, BILLING_80, CUSTOMER_10, CUSTOMER_11, CUSTOMER_12, CUSTOMER_13, CUSTOMER_14, CUSTOMER_15, CUSTOMER_16, INVOICE_70, INVOICE_71, INVOICE_72, INVOICE_73, INVOICE_74, MENU_90, MENU_91, MENU_92, MENU_93, MENU_94, MENU_95, MENU_96, MENU_97, MENU_98, MENU_99, ORDER_20, ORDER_21, ORDER_22, ORDER_23, ORDER_24, ORDER_25, ORDER_26, ORDER_27, ORDER_28, PAYMENT_30, PAYMENT_31, PAYMENT_32, PAYMENT_33, PAYMENT_34, PAYMENT_35, PAYMENT_36, PLAN_60, PLAN_61, PLAN_62, PLAN_63, PRODUCT_40, PRODUCT_41, PRODUCT_42, PRODUCT_43, PRODUCT_44, PRODUCT_CATEGORY_50, PRODUCT_CATEGORY_51, PRODUCT_CATEGORY_52, ROLE_SUPER_USER
2013-02-07 19:04:26,280 DEBUG [com.sapienter.jbilling.server.util.db.JbillingTableDAS] Looking for table + currency
2013-02-07 19:04:26,300 INFO  [com.sapienter.jbilling.common.JNDILookup] Default Context set
2013-02-07 19:04:26,300 INFO  [com.sapienter.jbilling.common.JNDILookup] New EJBFactory created.
2013-02-07 19:04:26,989 DEBUG [com.sapienter.jbilling.server.util.db.JbillingTableDAS] Looking for table + order_period
2013-02-07 19:04:27,020 DEBUG [com.sapienter.jbilling.server.util.db.JbillingTableDAS] Looking for table + order_status
2013-02-07 19:04:27,037 DEBUG [com.sapienter.jbilling.server.util.db.JbillingTableDAS] Looking for table + order_billing_type
2013-02-07 19:04:27,077 DEBUG [com.sapienter.jbilling.server.util.db.JbillingTableDAS] Looking for table + period_unit
2013-02-07 19:04:27,114 DEBUG [com.sapienter.jbilling.server.util.db.JbillingTableDAS] Looking for table + order_line_provisioning_status
2013-02-07 19:04:27,132 DEBUG [com.sapienter.jbilling.server.invoice.InvoiceBL] converstion 0
2013-02-07 19:04:27,155 DEBUG [com.sapienter.jbilling.server.util.db.JbillingTableDAS] Looking for table + user_status
2013-02-07 19:04:27,169 DEBUG [com.sapienter.jbilling.server.util.db.JbillingTableDAS] Looking for table + subscriber_status
2013-02-07 19:04:27,271 DEBUG [com.sapienter.jbilling.server.util.PreferenceBL] Looking for preference 43, for entity 10 and table 'entity'
2013-02-07 19:04:27,422 DEBUG [com.sapienter.jbilling.server.user.ContactBL] ContactDTO: getting custom fields
2013-02-07 19:04:27,433 DEBUG [com.sapienter.jbilling.server.user.ContactBL] Returning dto with 0 fields
